<?xml version="1.0" encoding="UTF-8"?>
<!-- Generated by org.testng.reporters.JUnitReportReporter -->
<testsuite hostname="DESKTOP-DC5U0BQ" failures="0" tests="1" name="Methods.Test_header" time="2.298" errors="0" timestamp="2023-11-09T14:55:56 IST" skipped="0">
  <testcase classname="Methods.Test_header" name="test_Header" time="2.298"/>
</testsuite> <!-- Methods.Test_header -->
