<?xml version="1.0" encoding="UTF-8"?>
<!-- Generated by org.testng.reporters.JUnitReportReporter -->
<testsuite hostname="DESKTOP-DC5U0BQ" failures="0" tests="4" name="Methods.Get_method" time="5.072" errors="0" timestamp="2023-11-06T17:47:42 IST" skipped="0">
  <testcase classname="Methods.Get_method" name="getmethod" time="2.243"/>
  <testcase classname="Methods.Get_method" name="post_Method" time="1.137"/>
  <testcase classname="Methods.Get_method" name="put_Method" time="0.877"/>
  <testcase classname="Methods.Get_method" name="delet_Method" time="0.815"/>
</testsuite> <!-- Methods.Get_method -->
