<?xml version="1.0" encoding="UTF-8"?>
<!-- Generated by org.testng.reporters.JUnitReportReporter -->
<testsuite hostname="users-MacBook-Pro.local" failures="0" tests="1" name="api.test.User_test" time="2.108" errors="0" timestamp="2024-09-16T13:50:47 IST" skipped="0">
  <testcase classname="api.test.User_test" name="Verify_external_login_API" time="2.108"/>
</testsuite> <!-- api.test.User_test -->
