<?xml version="1.0" encoding="UTF-8"?>
<!-- Generated by org.testng.reporters.JUnitReportReporter -->
<testsuite hostname="DESKTOP-DC5U0BQ" failures="0" tests="4" name="api.test.User_test" time="8.941" errors="0" timestamp="2023-11-16T13:39:31 IST" skipped="0">
  <testcase classname="api.test.User_test" name="test_Postuser" time="3.169"/>
  <testcase classname="api.test.User_test" name="test_getUser" time="1.466"/>
  <testcase classname="api.test.User_test" name="test_updateUser" time="2.842"/>
  <testcase classname="api.test.User_test" name="test_deleteUser" time="1.464"/>
</testsuite> <!-- api.test.User_test -->
