<?xml version="1.0" encoding="UTF-8"?>
<!-- Generated by org.testng.reporters.JUnitReportReporter -->
<testsuite hostname="DESKTOP-DC5U0BQ" failures="0" tests="1" name="Methods.OneApp" time="1.762" errors="0" timestamp="2023-11-20T18:01:35 IST" skipped="0">
  <testcase classname="Methods.OneApp" name="oneApp_validate" time="1.762"/>
</testsuite> <!-- Methods.OneApp -->
