<?xml version="1.0" encoding="UTF-8"?>
<!-- Generated by org.testng.reporters.JUnitReportReporter -->
<testsuite hostname="DESKTOP-DC5U0BQ" failures="0" tests="1" name="Methods.Path_and_Query_Parameter" time="3.342" errors="0" timestamp="2023-11-08T15:24:47 IST" skipped="0">
  <testcase classname="Methods.Path_and_Query_Parameter" name="pata_and_query_parameter" time="3.342"/>
</testsuite> <!-- Methods.Path_and_Query_Parameter -->
