<?xml version="1.0" encoding="UTF-8"?>
<!-- Generated by org.testng.reporters.JUnitReportReporter -->
<testsuite hostname="DESKTOP-DC5U0BQ" failures="0" tests="1" name="Methods.Parsing_JSON_response_data" time="2.441" errors="0" timestamp="2023-11-20T17:23:30 IST" skipped="0">
  <testcase classname="Methods.Parsing_JSON_response_data" name="get_JSON_data" time="2.441"/>
</testsuite> <!-- Methods.Parsing_JSON_response_data -->
