<?xml version="1.0" encoding="UTF-8"?>
<!-- Generated by org.testng.reporters.JUnitReportReporter -->
<testsuite hostname="DESKTOP-DC5U0BQ" failures="0" tests="8" name="api.test.DDtest" time="13.960" errors="0" timestamp="2023-11-15T17:01:51 IST" skipped="0">
  <testcase classname="api.test.DDtest" name="post_test" time="4.091"/>
  <testcase classname="api.test.DDtest" name="post_test" time="1.375"/>
  <testcase classname="api.test.DDtest" name="post_test" time="1.458"/>
  <testcase classname="api.test.DDtest" name="post_test" time="1.492"/>
  <testcase classname="api.test.DDtest" name="delete_data" time="1.375"/>
  <testcase classname="api.test.DDtest" name="delete_data" time="1.370"/>
  <testcase classname="api.test.DDtest" name="delete_data" time="1.400"/>
  <testcase classname="api.test.DDtest" name="delete_data" time="1.399"/>
</testsuite> <!-- api.test.DDtest -->
