<?xml version="1.0" encoding="UTF-8"?>
<!-- Generated by org.testng.reporters.JUnitReportReporter -->
<testsuite hostname="DESKTOP-3VDDFOT" failures="0" tests="1" name="Methods.Log_exmple" time="1.465" errors="0" timestamp="2024-07-11T11:17:49 IST" skipped="0">
  <testcase classname="Methods.Log_exmple" name="log_practice" time="1.465"/>
</testsuite> <!-- Methods.Log_exmple -->
