<?xml version="1.0" encoding="UTF-8"?>
<!-- Generated by org.testng.reporters.JUnitReportReporter -->
<testsuite hostname="DESKTOP-DC5U0BQ" failures="0" tests="4" name="api.test.User_test" time="9.190" errors="0" timestamp="2023-11-14T16:58:49 IST" skipped="0">
  <testcase classname="api.test.User_test" name="test_Postuser" time="3.479"/>
  <testcase classname="api.test.User_test" name="test_getUser" time="1.393"/>
  <testcase classname="api.test.User_test" name="test_updateUser" time="2.925"/>
  <testcase classname="api.test.User_test" name="test_deleteUser" time="1.393"/>
</testsuite> <!-- api.test.User_test -->
