<?xml version="1.0" encoding="UTF-8"?>
<!-- Generated by org.testng.reporters.JUnitReportReporter -->
<testsuite hostname="DESKTOP-3VDDFOT" failures="0" tests="4" name="api.test.User_test" time="20.711" errors="0" timestamp="2024-07-12T09:34:17 IST" skipped="0">
  <testcase classname="api.test.User_test" name="get_Country_Code" time="2.699"/>
  <testcase classname="api.test.User_test" name="Verify_DMS" time="17.483"/>
  <testcase classname="api.test.User_test" name="Send_OTP" time="0.235"/>
  <testcase classname="api.test.User_test" name="Verify_API" time="0.294"/>
</testsuite> <!-- api.test.User_test -->
