<?xml version="1.0" encoding="UTF-8"?>
<!-- Generated by org.testng.reporters.JUnitReportReporter -->
<testsuite hostname="DESKTOP-DC5U0BQ" failures="0" tests="1" name="Methods.Post_Method_diff_way" time="1.620" errors="0" timestamp="2023-11-08T12:16:28 IST" skipped="0">
  <testcase classname="Methods.Post_Method_diff_way" name="post_usin_External_json_file" time="1.620"/>
</testsuite> <!-- Methods.Post_Method_diff_way -->
