<?xml version="1.0" encoding="UTF-8"?>
<!-- Generated by org.testng.reporters.JUnitReportReporter -->
<testsuite hostname="DESKTOP-3VDDFOT" failures="0" tests="1" name="Methods.Get_method" time="2.039" errors="0" timestamp="2024-07-11T11:22:07 IST" skipped="0">
  <testcase classname="Methods.Get_method" name="getmethod" time="2.039"/>
</testsuite> <!-- Methods.Get_method -->
