<?xml version="1.0" encoding="UTF-8"?>
<!-- Generated by org.testng.reporters.JUnitReportReporter -->
<testsuite hostname="DESKTOP-DC5U0BQ" failures="0" tests="1" name="Methods.TestCookies" time="2.390" errors="0" timestamp="2023-11-09T11:08:29 IST" skipped="0">
  <testcase classname="Methods.TestCookies" name="get_Cookie_Info" time="2.390"/>
</testsuite> <!-- Methods.TestCookies -->
