<?xml version="1.0" encoding="UTF-8"?>
<!-- Generated by org.testng.reporters.JUnitReportReporter -->
<testsuite hostname="DESKTOP-DC5U0BQ" failures="0" tests="1" name="Methods.Log_exmple" time="2.314" errors="0" timestamp="2023-11-18T19:23:01 IST" skipped="0">
  <testcase classname="Methods.Log_exmple" name="log_practice" time="2.314"/>
</testsuite> <!-- Methods.Log_exmple -->
