<?xml version="1.0" encoding="UTF-8"?>
<!-- Generated by org.testng.reporters.JUnitReportReporter -->
<testsuite hostname="DESKTOP-DC5U0BQ" failures="0" tests="1" name="api.test.User_test" time="1.548" errors="0" timestamp="2023-11-28T13:50:10 IST" skipped="0">
  <testcase classname="api.test.User_test" name="read_data" time="1.548"/>
</testsuite> <!-- api.test.User_test -->
